<?xml version="1.0" encoding="UTF-8"?>
<testng-results ignored="0" total="3" passed="2" failed="1" skipped="0">
  <reporter-output>
  </reporter-output>
  <suite started-at="2025-06-13T09:06:17 IST" name="Default suite" finished-at="2025-06-13T09:06:25 IST" duration-ms="7577">
    <groups>
    </groups>
    <test started-at="2025-06-13T09:06:17 IST" name="Default test" finished-at="2025-06-13T09:06:25 IST" duration-ms="7577">
      <class name="keralatourism.Explorepage">
        <test-method is-config="true" signature="intializeBrowser()[pri:0, instance:keralatourism.Explorepage@7f0eb4b4]" started-at="2025-06-13T09:06:17 IST" name="intializeBrowser" finished-at="2025-06-13T09:06:21 IST" duration-ms="4357" status="PASS">
          <reporter-output>
          </reporter-output>
        </test-method> <!-- intializeBrowser -->
        <test-method signature="login()[pri:0, instance:keralatourism.Explorepage@7f0eb4b4]" started-at="2025-06-13T09:06:21 IST" name="login" finished-at="2025-06-13T09:06:22 IST" duration-ms="322" status="PASS">
          <reporter-output>
          </reporter-output>
        </test-method> <!-- login -->
        <test-method is-config="true" signature="quitBrowser()[pri:0, instance:keralatourism.Explorepage@7f0eb4b4]" started-at="2025-06-13T09:06:22 IST" name="quitBrowser" finished-at="2025-06-13T09:06:22 IST" duration-ms="0" status="PASS">
          <reporter-output>
          </reporter-output>
        </test-method> <!-- quitBrowser -->
        <test-method is-config="true" signature="intializeBrowser()[pri:0, instance:keralatourism.Explorepage@7f0eb4b4]" started-at="2025-06-13T09:06:22 IST" name="intializeBrowser" finished-at="2025-06-13T09:06:23 IST" duration-ms="1092" status="PASS">
          <reporter-output>
          </reporter-output>
        </test-method> <!-- intializeBrowser -->
        <test-method signature="explor()[pri:2, instance:keralatourism.Explorepage@7f0eb4b4]" started-at="2025-06-13T09:06:23 IST" name="explor" finished-at="2025-06-13T09:06:23 IST" duration-ms="403" status="PASS">
          <reporter-output>
          </reporter-output>
        </test-method> <!-- explor -->
        <test-method is-config="true" signature="quitBrowser()[pri:0, instance:keralatourism.Explorepage@7f0eb4b4]" started-at="2025-06-13T09:06:23 IST" name="quitBrowser" finished-at="2025-06-13T09:06:23 IST" duration-ms="0" status="PASS">
          <reporter-output>
          </reporter-output>
        </test-method> <!-- quitBrowser -->
        <test-method is-config="true" signature="intializeBrowser()[pri:0, instance:keralatourism.Explorepage@7f0eb4b4]" started-at="2025-06-13T09:06:23 IST" name="intializeBrowser" finished-at="2025-06-13T09:06:24 IST" duration-ms="1060" status="PASS">
          <reporter-output>
          </reporter-output>
        </test-method> <!-- intializeBrowser -->
        <test-method signature="pag()[pri:3, instance:keralatourism.Explorepage@7f0eb4b4]" started-at="2025-06-13T09:06:24 IST" name="pag" finished-at="2025-06-13T09:06:25 IST" duration-ms="323" status="FAIL">
          <exception class="org.openqa.selenium.NoSuchElementException">
            <message>
              <![CDATA[no such element: Unable to locate element: {"method":"xpath","selector":"//a[text()='Places To Visit']"}
  (Session info: chrome=137.0.7151.104)
For documentation on this error, please visit: https://www.selenium.dev/documentation/webdriver/troubleshooting/errors#no-such-element-exception
Build info: version: '4.30.0', revision: '509c7f17cc*'
System info: os.name: 'Mac OS X', os.arch: 'aarch64', os.version: '15.5', java.version: '21.0.6'
Driver info: org.openqa.selenium.chrome.ChromeDriver
Command: [05eede3d1fa54aa420edcfef700820b9, findElement {using=xpath, value=//a[text()='Places To Visit']}]
Capabilities {acceptInsecureCerts: false, browserName: chrome, browserVersion: 137.0.7151.104, chrome: {chromedriverVersion: 137.0.7151.70 (dfa4dc56b2ab..., userDataDir: /var/folders/df/9xr_vhm561g...}, fedcm:accounts: true, goog:chromeOptions: {debuggerAddress: localhost:49671}, networkConnectionEnabled: false, pageLoadStrategy: normal, platformName: mac, proxy: Proxy(), se:cdp: ws://localhost:49671/devtoo..., se:cdpVersion: 137.0.7151.104, setWindowRect: true, strictFileInteractability: false, timeouts: {implicit: 0, pageLoad: 300000, script: 30000}, unhandledPromptBehavior: dismiss and notify, webauthn:extension:credBlob: true, webauthn:extension:largeBlob: true, webauthn:extension:minPinLength: true, webauthn:extension:prf: true, webauthn:virtualAuthenticators: true}
Session ID: 05eede3d1fa54aa420edcfef700820b9]]>
            </message>
            <full-stacktrace>
              <![CDATA[org.openqa.selenium.NoSuchElementException: no such element: Unable to locate element: {"method":"xpath","selector":"//a[text()='Places To Visit']"}
  (Session info: chrome=137.0.7151.104)
For documentation on this error, please visit: https://www.selenium.dev/documentation/webdriver/troubleshooting/errors#no-such-element-exception
Build info: version: '4.30.0', revision: '509c7f17cc*'
System info: os.name: 'Mac OS X', os.arch: 'aarch64', os.version: '15.5', java.version: '21.0.6'
Driver info: org.openqa.selenium.chrome.ChromeDriver
Command: [05eede3d1fa54aa420edcfef700820b9, findElement {using=xpath, value=//a[text()='Places To Visit']}]
Capabilities {acceptInsecureCerts: false, browserName: chrome, browserVersion: 137.0.7151.104, chrome: {chromedriverVersion: 137.0.7151.70 (dfa4dc56b2ab..., userDataDir: /var/folders/df/9xr_vhm561g...}, fedcm:accounts: true, goog:chromeOptions: {debuggerAddress: localhost:49671}, networkConnectionEnabled: false, pageLoadStrategy: normal, platformName: mac, proxy: Proxy(), se:cdp: ws://localhost:49671/devtoo..., se:cdpVersion: 137.0.7151.104, setWindowRect: true, strictFileInteractability: false, timeouts: {implicit: 0, pageLoad: 300000, script: 30000}, unhandledPromptBehavior: dismiss and notify, webauthn:extension:credBlob: true, webauthn:extension:largeBlob: true, webauthn:extension:minPinLength: true, webauthn:extension:prf: true, webauthn:virtualAuthenticators: true}
Session ID: 05eede3d1fa54aa420edcfef700820b9
at java.base/jdk.internal.reflect.DirectConstructorHandleAccessor.newInstance(DirectConstructorHandleAccessor.java:62)
at java.base/java.lang.reflect.Constructor.newInstanceWithCaller(Constructor.java:502)
at java.base/java.lang.reflect.Constructor.newInstance(Constructor.java:486)
at org.openqa.selenium.remote.ErrorCodec.decode(ErrorCodec.java:167)
at org.openqa.selenium.remote.codec.w3c.W3CHttpResponseCodec.decode(W3CHttpResponseCodec.java:138)
at org.openqa.selenium.remote.codec.w3c.W3CHttpResponseCodec.decode(W3CHttpResponseCodec.java:50)
at org.openqa.selenium.remote.HttpCommandExecutor.execute(HttpCommandExecutor.java:215)
at org.openqa.selenium.remote.service.DriverCommandExecutor.invokeExecute(DriverCommandExecutor.java:216)
at org.openqa.selenium.remote.service.DriverCommandExecutor.execute(DriverCommandExecutor.java:174)
at org.openqa.selenium.remote.RemoteWebDriver.execute(RemoteWebDriver.java:545)
at org.openqa.selenium.remote.ElementLocation$ElementFinder$2.findElement(ElementLocation.java:165)
at org.openqa.selenium.remote.ElementLocation.findElement(ElementLocation.java:59)
at org.openqa.selenium.remote.RemoteWebDriver.findElement(RemoteWebDriver.java:368)
at org.openqa.selenium.remote.RemoteWebDriver.findElement(RemoteWebDriver.java:362)
at keralatourism.Explorepage.pag(Explorepage.java:31)
at java.base/jdk.internal.reflect.DirectMethodHandleAccessor.invoke(DirectMethodHandleAccessor.java:103)
at java.base/java.lang.reflect.Method.invoke(Method.java:580)
at org.testng.internal.invokers.MethodInvocationHelper.invokeMethod(MethodInvocationHelper.java:141)
at org.testng.internal.invokers.TestInvoker.invokeMethod(TestInvoker.java:687)
at org.testng.internal.invokers.TestInvoker.invokeTestMethod(TestInvoker.java:230)
at org.testng.internal.invokers.MethodRunner.runInSequence(MethodRunner.java:63)
at org.testng.internal.invokers.TestInvoker$MethodInvocationAgent.invoke(TestInvoker.java:995)
at org.testng.internal.invokers.TestInvoker.invokeTestMethods(TestInvoker.java:203)
at org.testng.internal.invokers.TestMethodWorker.invokeTestMethods(TestMethodWorker.java:154)
at org.testng.internal.invokers.TestMethodWorker.run(TestMethodWorker.java:134)
at java.base/java.util.ArrayList.forEach(ArrayList.java:1596)
at org.testng.TestRunner.privateRun(TestRunner.java:741)
at org.testng.TestRunner.run(TestRunner.java:616)
at org.testng.SuiteRunner.runTest(SuiteRunner.java:421)
at org.testng.SuiteRunner.runSequentially(SuiteRunner.java:413)
at org.testng.SuiteRunner.privateRun(SuiteRunner.java:373)
at org.testng.SuiteRunner.run(SuiteRunner.java:312)
at org.testng.SuiteRunnerWorker.runSuite(SuiteRunnerWorker.java:52)
at org.testng.SuiteRunnerWorker.run(SuiteRunnerWorker.java:95)
at org.testng.TestNG.runSuitesSequentially(TestNG.java:1274)
at org.testng.TestNG.runSuitesLocally(TestNG.java:1208)
at org.testng.TestNG.runSuites(TestNG.java:1112)
at org.testng.TestNG.run(TestNG.java:1079)
at org.testng.remote.AbstractRemoteTestNG.run(AbstractRemoteTestNG.java:115)
at org.testng.remote.RemoteTestNG.initAndRun(RemoteTestNG.java:293)
at org.testng.remote.RemoteTestNG.main(RemoteTestNG.java:91)
]]>
            </full-stacktrace>
          </exception> <!-- org.openqa.selenium.NoSuchElementException -->
          <reporter-output>
          </reporter-output>
        </test-method> <!-- pag -->
        <test-method is-config="true" signature="quitBrowser()[pri:0, instance:keralatourism.Explorepage@7f0eb4b4]" started-at="2025-06-13T09:06:25 IST" name="quitBrowser" finished-at="2025-06-13T09:06:25 IST" duration-ms="1" status="PASS">
          <reporter-output>
          </reporter-output>
        </test-method> <!-- quitBrowser -->
      </class> <!-- keralatourism.Explorepage -->
    </test> <!-- Default test -->
  </suite> <!-- Default suite -->
</testng-results>
